<?xml version="1.0" encoding="UTF-8"?>
<!-- Generated by org.testng.reporters.JUnitReportReporter -->
<testsuite skipped="0" hostname="Denys-PC" name="MainTestSignInTest" tests="11" failures="0" timestamp="18 Dec 2016 19:49:18 GMT" time="57.187" errors="0">
  <testcase name="asSecondElementPresentTest" time="0.616" classname="MainTestSignInTest"/>
  <testcase name="chooseFirstItemTest" time="4.793" classname="MainTestSignInTest"/>
  <testcase name="asFirstElementPresentsTest" time="0.230" classname="MainTestSignInTest"/>
  <testcase name="addToCartSecondItemTest" time="12.761" classname="MainTestSignInTest"/>
  <testcase name="addToCartFirstItemTest" time="9.423" classname="MainTestSignInTest"/>
  <testcase name="chooseSecondItemTest" time="4.043" classname="MainTestSignInTest"/>
  <testcase name="accountListsClick" time="16.509" classname="MainTestSignInTest"/>
  <testcase name="amountCheckTest" time="0.130" classname="MainTestSignInTest"/>
  <testcase name="logIn" time="7.916" classname="MainTestSignInTest"/>
  <testcase name="checkCartTest" time="0.341" classname="MainTestSignInTest"/>
  <testcase name="assertLogIn" time="0.425" classname="MainTestSignInTest"/>
</testsuite> <!-- MainTestSignInTest -->
